<?xml version="1.0" encoding="UTF-8"?>
<!-- Generated by org.testng.reporters.JUnitReportReporter -->
<testsuite skipped="0" hostname="Arifs-MacBook-Pro.local" name="com.automation.facebook.MavenFacebook.LeaveComment" tests="1" failures="0" timestamp="9 Nov 2016 00:52:28 GMT" time="21.392" errors="0">
  <testcase name="leaveComment" time="21.392" classname="com.automation.facebook.MavenFacebook.LeaveComment"/>
</testsuite> <!-- com.automation.facebook.MavenFacebook.LeaveComment -->
