<?xml version="1.0" encoding="UTF-8"?>
<!-- Generated by org.testng.reporters.JUnitReportReporter -->
<testsuite skipped="0" hostname="Arifs-MacBook-Pro.local" name="com.automation.facebook.MavenFacebook.AppTest" tests="1" failures="0" timestamp="2 Nov 2016 23:33:21 GMT" time="3.280" errors="0">
  <testcase name="sampleTest" time="3.280" classname="com.automation.facebook.MavenFacebook.AppTest"/>
</testsuite> <!-- com.automation.facebook.MavenFacebook.AppTest -->
