<?xml version="1.0" encoding="UTF-8"?>
<!-- Generated by org.testng.reporters.JUnitReportReporter -->
<testsuite skipped="0" hostname="Arifs-MBP.fios-router.home" name="com.automation.facebook.MavenFacebook.NonMatchingMobileNumber" tests="1" failures="0" timestamp="5 Nov 2016 00:06:33 GMT" time="1.002" errors="0">
  <testcase name="nonMatchingMobileNumberError" time="1.002" classname="com.automation.facebook.MavenFacebook.NonMatchingMobileNumber"/>
</testsuite> <!-- com.automation.facebook.MavenFacebook.NonMatchingMobileNumber -->
