<?xml version="1.0" encoding="UTF-8"?>
<!-- Generated by org.testng.reporters.JUnitReportReporter -->
<testsuite skipped="0" hostname="Arifs-MBP.fios-router.home" name="com.automation.facebook.MavenFacebook.ShareArticle" tests="1" failures="0" timestamp="5 Nov 2016 00:06:33 GMT" time="2.298" errors="0">
  <testcase name="assertShareArticleError" time="2.298" classname="com.automation.facebook.MavenFacebook.ShareArticle"/>
</testsuite> <!-- com.automation.facebook.MavenFacebook.ShareArticle -->
