<?xml version="1.0" encoding="UTF-8"?>
<!-- Generated by org.testng.reporters.JUnitReportReporter -->
<testsuite skipped="0" hostname="Arifs-MacBook-Pro.local" name="com.automation.facebook.MavenFacebook.LeaveComment" tests="1" failures="0" timestamp="5 Nov 2016 14:46:37 GMT" time="10.270" errors="0">
  <testcase name="leaveComment" time="10.270" classname="com.automation.facebook.MavenFacebook.LeaveComment"/>
</testsuite> <!-- com.automation.facebook.MavenFacebook.LeaveComment -->
