<?xml version="1.0" encoding="UTF-8"?>
<!-- Generated by org.testng.reporters.JUnitReportReporter -->
<testsuite skipped="0" hostname="Arifs-MBP.fios-router.home" name="com.automation.facebook.MavenFacebook.SampleTest" tests="1" failures="0" timestamp="5 Nov 2016 00:26:23 GMT" time="5.634" errors="0">
  <testcase name="monthDropDownSelection" time="5.634" classname="com.automation.facebook.MavenFacebook.SampleTest"/>
</testsuite> <!-- com.automation.facebook.MavenFacebook.SampleTest -->
