<?xml version="1.0" encoding="UTF-8"?>
<!-- Generated by org.testng.reporters.JUnitReportReporter -->
<testsuite skipped="0" hostname="Arifs-MBP.fios-router.home" name="com.automation.facebook.MavenFacebook.ClearButton" tests="1" failures="0" timestamp="5 Nov 2016 13:29:14 GMT" time="5.236" errors="0">
  <testcase name="validateClearButton" time="5.236" classname="com.automation.facebook.MavenFacebook.ClearButton"/>
</testsuite> <!-- com.automation.facebook.MavenFacebook.ClearButton -->
