<?xml version="1.0" encoding="UTF-8"?>
<!-- Generated by org.testng.reporters.JUnitReportReporter -->
<testsuite skipped="0" hostname="Arifs-MBP.fios-router.home" name="com.automation.facebook.MavenFacebook.SelectSoccerStars" tests="1" failures="0" timestamp="5 Nov 2016 00:06:33 GMT" time="3.319" errors="0">
  <testcase name="selectSoccerStars" time="3.319" classname="com.automation.facebook.MavenFacebook.SelectSoccerStars"/>
</testsuite> <!-- com.automation.facebook.MavenFacebook.SelectSoccerStars -->
