<?xml version="1.0" encoding="UTF-8"?>
<!-- Generated by org.testng.reporters.JUnitReportReporter -->
<testsuite skipped="0" hostname="Arifs-MacBook-Pro.local" name="com.automation.SauceLabs.SauceLabTest.SampleTest" tests="1" failures="0" timestamp="10 Nov 2016 00:34:49 GMT" time="15.747" errors="0">
  <testcase name="sampleTest2" time="15.747" classname="com.automation.SauceLabs.SauceLabTest.SampleTest"/>
</testsuite> <!-- com.automation.SauceLabs.SauceLabTest.SampleTest -->
